2022-04-10 19:15:30.814780+00:00 [noti] <0.228.0> Logging: configured log handlers are now ACTIVE
2022-04-10 19:15:31.704409+00:00 [info] <0.228.0> ra: starting system quorum_queues
2022-04-10 19:15:31.704592+00:00 [info] <0.228.0> starting Ra system: quorum_queues in directory: /var/lib/rabbitmq/mnesia/rabbit@9753ddc070a9/quorum/rabbit@9753ddc070a9
2022-04-10 19:15:32.092633+00:00 [info] <0.267.0> ra: meta data store initialised for system quorum_queues. 0 record(s) recovered
2022-04-10 19:15:32.149162+00:00 [noti] <0.272.0> WAL: ra_log_wal init, open tbls: ra_log_open_mem_tables, closed tbls: ra_log_closed_mem_tables
2022-04-10 19:15:32.245127+00:00 [info] <0.272.0> wal: preallocation may not be supported by the file system falling back to fsync instead of fdatasync
2022-04-10 19:15:32.268139+00:00 [info] <0.228.0> ra: starting system coordination
2022-04-10 19:15:32.268296+00:00 [info] <0.228.0> starting Ra system: coordination in directory: /var/lib/rabbitmq/mnesia/rabbit@9753ddc070a9/coordination/rabbit@9753ddc070a9
2022-04-10 19:15:32.477670+00:00 [info] <0.280.0> ra: meta data store initialised for system coordination. 0 record(s) recovered
2022-04-10 19:15:32.478166+00:00 [noti] <0.285.0> WAL: ra_coordination_log_wal init, open tbls: ra_coordination_log_open_mem_tables, closed tbls: ra_coordination_log_closed_mem_tables
2022-04-10 19:15:32.507918+00:00 [info] <0.285.0> wal: preallocation may not be supported by the file system falling back to fsync instead of fdatasync
2022-04-10 19:15:32.509976+00:00 [info] <0.228.0> 
2022-04-10 19:15:32.509976+00:00 [info] <0.228.0>  Starting RabbitMQ 3.9.14 on Erlang 24.3.3 [jit]
2022-04-10 19:15:32.509976+00:00 [info] <0.228.0>  Copyright (c) 2007-2022 VMware, Inc. or its affiliates.
2022-04-10 19:15:32.509976+00:00 [info] <0.228.0>  Licensed under the MPL 2.0. Website: https://rabbitmq.com
2022-04-10 19:15:32.513966+00:00 [info] <0.228.0> 
2022-04-10 19:15:32.513966+00:00 [info] <0.228.0>  node           : rabbit@9753ddc070a9
2022-04-10 19:15:32.513966+00:00 [info] <0.228.0>  home dir       : /var/lib/rabbitmq
2022-04-10 19:15:32.513966+00:00 [info] <0.228.0>  config file(s) : (none)
2022-04-10 19:15:32.513966+00:00 [info] <0.228.0>  cookie hash    : b5yO3/iM+cAXzrBdJfFpeQ==
2022-04-10 19:15:32.513966+00:00 [info] <0.228.0>  log(s)         : /var/log/rabbitmq/rabbit@9753ddc070a9.log
2022-04-10 19:15:32.513966+00:00 [info] <0.228.0>                 : /var/log/rabbitmq/rabbit@9753ddc070a9_upgrade.log
2022-04-10 19:15:32.513966+00:00 [info] <0.228.0>                 : <stdout>
2022-04-10 19:15:32.513966+00:00 [info] <0.228.0>  database dir   : /var/lib/rabbitmq/mnesia/rabbit@9753ddc070a9
2022-04-10 19:15:40.696836+00:00 [info] <0.228.0> Running boot step pre_boot defined by app rabbit
2022-04-10 19:15:40.696940+00:00 [info] <0.228.0> Running boot step rabbit_global_counters defined by app rabbit
2022-04-10 19:15:40.697314+00:00 [info] <0.228.0> Running boot step rabbit_osiris_metrics defined by app rabbit
2022-04-10 19:15:40.697454+00:00 [info] <0.228.0> Running boot step rabbit_core_metrics defined by app rabbit
2022-04-10 19:15:40.698583+00:00 [info] <0.228.0> Running boot step rabbit_alarm defined by app rabbit
2022-04-10 19:15:40.709661+00:00 [info] <0.298.0> Memory high watermark set to 3055 MiB (3204413849 bytes) of 7639 MiB (8011034624 bytes) total
2022-04-10 19:15:40.717089+00:00 [info] <0.300.0> Enabling free disk space monitoring
2022-04-10 19:15:40.717167+00:00 [info] <0.300.0> Disk free limit set to 50MB
2022-04-10 19:15:40.724128+00:00 [info] <0.228.0> Running boot step code_server_cache defined by app rabbit
2022-04-10 19:15:40.724319+00:00 [info] <0.228.0> Running boot step file_handle_cache defined by app rabbit
2022-04-10 19:15:40.724746+00:00 [info] <0.305.0> Limiting to approx 1048479 file handles (943629 sockets)
2022-04-10 19:15:40.725043+00:00 [info] <0.306.0> FHC read buffering: OFF
2022-04-10 19:15:40.725113+00:00 [info] <0.306.0> FHC write buffering: ON
2022-04-10 19:15:40.726322+00:00 [info] <0.228.0> Running boot step worker_pool defined by app rabbit
2022-04-10 19:15:40.726640+00:00 [info] <0.287.0> Will use 4 processes for default worker pool
2022-04-10 19:15:40.726729+00:00 [info] <0.287.0> Starting worker pool 'worker_pool' with 4 processes in it
2022-04-10 19:15:40.728362+00:00 [info] <0.228.0> Running boot step database defined by app rabbit
2022-04-10 19:15:40.736227+00:00 [info] <0.228.0> Node database directory at /var/lib/rabbitmq/mnesia/rabbit@9753ddc070a9 is empty. Assuming we need to join an existing cluster or initialise from scratch...
2022-04-10 19:15:40.736656+00:00 [info] <0.228.0> Configured peer discovery backend: rabbit_peer_discovery_classic_config
2022-04-10 19:15:40.736924+00:00 [info] <0.228.0> Will try to lock with peer discovery backend rabbit_peer_discovery_classic_config
2022-04-10 19:15:40.737182+00:00 [info] <0.228.0> All discovered existing cluster peers:
2022-04-10 19:15:40.737262+00:00 [info] <0.228.0> Discovered no peer nodes to cluster with. Some discovery backends can filter nodes out based on a readiness criteria. Enabling debug logging might help troubleshoot.
2022-04-10 19:15:40.752270+00:00 [noti] <0.44.0> Application mnesia exited with reason: stopped
2022-04-10 19:15:42.149937+00:00 [info] <0.228.0> Waiting for Mnesia tables for 30000 ms, 9 retries left
2022-04-10 19:15:42.150265+00:00 [info] <0.228.0> Successfully synced tables from a peer
2022-04-10 19:15:42.188350+00:00 [info] <0.228.0> Waiting for Mnesia tables for 30000 ms, 9 retries left
2022-04-10 19:15:42.188664+00:00 [info] <0.228.0> Successfully synced tables from a peer
2022-04-10 19:15:42.188733+00:00 [info] <0.228.0> Feature flag `implicit_default_bindings`: supported, attempt to enable...
2022-04-10 19:15:42.188873+00:00 [info] <0.228.0> Feature flag `implicit_default_bindings`: mark as enabled=state_changing
2022-04-10 19:15:42.190313+00:00 [info] <0.228.0> Feature flags: list of feature flags found:
2022-04-10 19:15:42.190463+00:00 [info] <0.228.0> Feature flags:   [~] implicit_default_bindings
2022-04-10 19:15:42.190535+00:00 [info] <0.228.0> Feature flags:   [ ] maintenance_mode_status
2022-04-10 19:15:42.190602+00:00 [info] <0.228.0> Feature flags:   [ ] quorum_queue
2022-04-10 19:15:42.190801+00:00 [info] <0.228.0> Feature flags:   [ ] stream_queue
2022-04-10 19:15:42.191040+00:00 [info] <0.228.0> Feature flags:   [ ] user_limits
2022-04-10 19:15:42.191094+00:00 [info] <0.228.0> Feature flags:   [ ] virtual_host_metadata
2022-04-10 19:15:42.191151+00:00 [info] <0.228.0> Feature flags: feature flag states written to disk: yes
2022-04-10 19:15:42.217556+00:00 [info] <0.228.0> Waiting for Mnesia tables for 30000 ms, 0 retries left
2022-04-10 19:15:42.218078+00:00 [info] <0.228.0> Successfully synced tables from a peer
2022-04-10 19:15:42.218178+00:00 [info] <0.228.0> Feature flag `implicit_default_bindings`: mark as enabled=true
2022-04-10 19:15:42.236771+00:00 [info] <0.228.0> Feature flags: list of feature flags found:
2022-04-10 19:15:42.236870+00:00 [info] <0.228.0> Feature flags:   [x] implicit_default_bindings
2022-04-10 19:15:42.237027+00:00 [info] <0.228.0> Feature flags:   [ ] maintenance_mode_status
2022-04-10 19:15:42.237091+00:00 [info] <0.228.0> Feature flags:   [ ] quorum_queue
2022-04-10 19:15:42.237139+00:00 [info] <0.228.0> Feature flags:   [ ] stream_queue
2022-04-10 19:15:42.237184+00:00 [info] <0.228.0> Feature flags:   [ ] user_limits
2022-04-10 19:15:42.237235+00:00 [info] <0.228.0> Feature flags:   [ ] virtual_host_metadata
2022-04-10 19:15:42.237325+00:00 [info] <0.228.0> Feature flags: feature flag states written to disk: yes
2022-04-10 19:15:42.258087+00:00 [info] <0.228.0> Feature flag `maintenance_mode_status`: supported, attempt to enable...
2022-04-10 19:15:42.258288+00:00 [info] <0.228.0> Feature flag `maintenance_mode_status`: mark as enabled=state_changing
2022-04-10 19:15:42.260126+00:00 [info] <0.228.0> Feature flags: list of feature flags found:
2022-04-10 19:15:42.260319+00:00 [info] <0.228.0> Feature flags:   [x] implicit_default_bindings
2022-04-10 19:15:42.260418+00:00 [info] <0.228.0> Feature flags:   [~] maintenance_mode_status
2022-04-10 19:15:42.260577+00:00 [info] <0.228.0> Feature flags:   [ ] quorum_queue
2022-04-10 19:15:42.260702+00:00 [info] <0.228.0> Feature flags:   [ ] stream_queue
2022-04-10 19:15:42.260802+00:00 [info] <0.228.0> Feature flags:   [ ] user_limits
2022-04-10 19:15:42.260910+00:00 [info] <0.228.0> Feature flags:   [ ] virtual_host_metadata
2022-04-10 19:15:42.261054+00:00 [info] <0.228.0> Feature flags: feature flag states written to disk: yes
2022-04-10 19:15:42.286064+00:00 [info] <0.228.0> Creating table rabbit_node_maintenance_states for feature flag `maintenance_mode_status`
2022-04-10 19:15:42.330246+00:00 [info] <0.228.0> Feature flag `maintenance_mode_status`: mark as enabled=true
2022-04-10 19:15:42.378500+00:00 [info] <0.228.0> Feature flags: list of feature flags found:
2022-04-10 19:15:42.378576+00:00 [info] <0.228.0> Feature flags:   [x] implicit_default_bindings
2022-04-10 19:15:42.378674+00:00 [info] <0.228.0> Feature flags:   [x] maintenance_mode_status
2022-04-10 19:15:42.378708+00:00 [info] <0.228.0> Feature flags:   [ ] quorum_queue
2022-04-10 19:15:42.378730+00:00 [info] <0.228.0> Feature flags:   [ ] stream_queue
2022-04-10 19:15:42.378750+00:00 [info] <0.228.0> Feature flags:   [ ] user_limits
2022-04-10 19:15:42.378912+00:00 [info] <0.228.0> Feature flags:   [ ] virtual_host_metadata
2022-04-10 19:15:42.378982+00:00 [info] <0.228.0> Feature flags: feature flag states written to disk: yes
2022-04-10 19:15:42.420202+00:00 [info] <0.228.0> Feature flag `quorum_queue`: supported, attempt to enable...
2022-04-10 19:15:42.420512+00:00 [info] <0.228.0> Feature flag `quorum_queue`: mark as enabled=state_changing
2022-04-10 19:15:42.422154+00:00 [info] <0.228.0> Feature flags: list of feature flags found:
2022-04-10 19:15:42.422344+00:00 [info] <0.228.0> Feature flags:   [x] implicit_default_bindings
2022-04-10 19:15:42.422412+00:00 [info] <0.228.0> Feature flags:   [x] maintenance_mode_status
2022-04-10 19:15:42.422477+00:00 [info] <0.228.0> Feature flags:   [~] quorum_queue
2022-04-10 19:15:42.422519+00:00 [info] <0.228.0> Feature flags:   [ ] stream_queue
2022-04-10 19:15:42.422746+00:00 [info] <0.228.0> Feature flags:   [ ] user_limits
2022-04-10 19:15:42.422851+00:00 [info] <0.228.0> Feature flags:   [ ] virtual_host_metadata
2022-04-10 19:15:42.422974+00:00 [info] <0.228.0> Feature flags: feature flag states written to disk: yes
2022-04-10 19:15:42.448193+00:00 [info] <0.228.0> Waiting for Mnesia tables for 30000 ms, 9 retries left
2022-04-10 19:15:42.448448+00:00 [info] <0.228.0> Successfully synced tables from a peer
2022-04-10 19:15:42.448501+00:00 [info] <0.228.0> Feature flag `quorum_queue`:   migrating Mnesia table rabbit_queue...
2022-04-10 19:15:42.772189+00:00 [info] <0.228.0> Feature flag `quorum_queue`:   migrating Mnesia table rabbit_durable_queue...
2022-04-10 19:15:42.982314+00:00 [info] <0.228.0> Feature flag `quorum_queue`:   Mnesia tables migration done
2022-04-10 19:15:42.982432+00:00 [info] <0.228.0> Feature flag `quorum_queue`: mark as enabled=true
2022-04-10 19:15:43.015622+00:00 [info] <0.228.0> Feature flags: list of feature flags found:
2022-04-10 19:15:43.015698+00:00 [info] <0.228.0> Feature flags:   [x] implicit_default_bindings
2022-04-10 19:15:43.015727+00:00 [info] <0.228.0> Feature flags:   [x] maintenance_mode_status
2022-04-10 19:15:43.015800+00:00 [info] <0.228.0> Feature flags:   [x] quorum_queue
2022-04-10 19:15:43.015821+00:00 [info] <0.228.0> Feature flags:   [ ] stream_queue
2022-04-10 19:15:43.015841+00:00 [info] <0.228.0> Feature flags:   [ ] user_limits
2022-04-10 19:15:43.016022+00:00 [info] <0.228.0> Feature flags:   [ ] virtual_host_metadata
2022-04-10 19:15:43.016052+00:00 [info] <0.228.0> Feature flags: feature flag states written to disk: yes
2022-04-10 19:15:43.030308+00:00 [info] <0.228.0> Feature flag `stream_queue`: supported, attempt to enable...
2022-04-10 19:15:43.030536+00:00 [info] <0.228.0> Feature flag `stream_queue`: mark as enabled=state_changing
2022-04-10 19:15:43.032015+00:00 [info] <0.228.0> Feature flags: list of feature flags found:
2022-04-10 19:15:43.032179+00:00 [info] <0.228.0> Feature flags:   [x] implicit_default_bindings
2022-04-10 19:15:43.032250+00:00 [info] <0.228.0> Feature flags:   [x] maintenance_mode_status
2022-04-10 19:15:43.032355+00:00 [info] <0.228.0> Feature flags:   [x] quorum_queue
2022-04-10 19:15:43.032407+00:00 [info] <0.228.0> Feature flags:   [~] stream_queue
2022-04-10 19:15:43.032441+00:00 [info] <0.228.0> Feature flags:   [ ] user_limits
2022-04-10 19:15:43.032462+00:00 [info] <0.228.0> Feature flags:   [ ] virtual_host_metadata
2022-04-10 19:15:43.032492+00:00 [info] <0.228.0> Feature flags: feature flag states written to disk: yes
2022-04-10 19:15:43.077151+00:00 [info] <0.228.0> Feature flag `stream_queue`: mark as enabled=true
2022-04-10 19:15:43.117540+00:00 [info] <0.228.0> Feature flags: list of feature flags found:
2022-04-10 19:15:43.117698+00:00 [info] <0.228.0> Feature flags:   [x] implicit_default_bindings
2022-04-10 19:15:43.117757+00:00 [info] <0.228.0> Feature flags:   [x] maintenance_mode_status
2022-04-10 19:15:43.117796+00:00 [info] <0.228.0> Feature flags:   [x] quorum_queue
2022-04-10 19:15:43.117852+00:00 [info] <0.228.0> Feature flags:   [x] stream_queue
2022-04-10 19:15:43.117896+00:00 [info] <0.228.0> Feature flags:   [ ] user_limits
2022-04-10 19:15:43.117939+00:00 [info] <0.228.0> Feature flags:   [ ] virtual_host_metadata
2022-04-10 19:15:43.118085+00:00 [info] <0.228.0> Feature flags: feature flag states written to disk: yes
2022-04-10 19:15:43.146575+00:00 [info] <0.228.0> Feature flag `user_limits`: supported, attempt to enable...
2022-04-10 19:15:43.146860+00:00 [info] <0.228.0> Feature flag `user_limits`: mark as enabled=state_changing
2022-04-10 19:15:43.148427+00:00 [info] <0.228.0> Feature flags: list of feature flags found:
2022-04-10 19:15:43.148828+00:00 [info] <0.228.0> Feature flags:   [x] implicit_default_bindings
2022-04-10 19:15:43.148956+00:00 [info] <0.228.0> Feature flags:   [x] maintenance_mode_status
2022-04-10 19:15:43.149043+00:00 [info] <0.228.0> Feature flags:   [x] quorum_queue
2022-04-10 19:15:43.149173+00:00 [info] <0.228.0> Feature flags:   [x] stream_queue
2022-04-10 19:15:43.149233+00:00 [info] <0.228.0> Feature flags:   [~] user_limits
2022-04-10 19:15:43.149272+00:00 [info] <0.228.0> Feature flags:   [ ] virtual_host_metadata
2022-04-10 19:15:43.149363+00:00 [info] <0.228.0> Feature flags: feature flag states written to disk: yes
2022-04-10 19:15:43.170378+00:00 [info] <0.228.0> Waiting for Mnesia tables for 30000 ms, 9 retries left
2022-04-10 19:15:43.170766+00:00 [info] <0.228.0> Successfully synced tables from a peer
2022-04-10 19:15:43.373342+00:00 [info] <0.228.0> Feature flag `user_limits`: mark as enabled=true
2022-04-10 19:15:43.413798+00:00 [info] <0.228.0> Feature flags: list of feature flags found:
2022-04-10 19:15:43.413908+00:00 [info] <0.228.0> Feature flags:   [x] implicit_default_bindings
2022-04-10 19:15:43.413965+00:00 [info] <0.228.0> Feature flags:   [x] maintenance_mode_status
2022-04-10 19:15:43.414148+00:00 [info] <0.228.0> Feature flags:   [x] quorum_queue
2022-04-10 19:15:43.414197+00:00 [info] <0.228.0> Feature flags:   [x] stream_queue
2022-04-10 19:15:43.414237+00:00 [info] <0.228.0> Feature flags:   [x] user_limits
2022-04-10 19:15:43.414517+00:00 [info] <0.228.0> Feature flags:   [ ] virtual_host_metadata
2022-04-10 19:15:43.414588+00:00 [info] <0.228.0> Feature flags: feature flag states written to disk: yes
2022-04-10 19:15:43.430931+00:00 [info] <0.228.0> Feature flag `virtual_host_metadata`: supported, attempt to enable...
2022-04-10 19:15:43.431214+00:00 [info] <0.228.0> Feature flag `virtual_host_metadata`: mark as enabled=state_changing
2022-04-10 19:15:43.432588+00:00 [info] <0.228.0> Feature flags: list of feature flags found:
2022-04-10 19:15:43.432798+00:00 [info] <0.228.0> Feature flags:   [x] implicit_default_bindings
2022-04-10 19:15:43.432856+00:00 [info] <0.228.0> Feature flags:   [x] maintenance_mode_status
2022-04-10 19:15:43.433111+00:00 [info] <0.228.0> Feature flags:   [x] quorum_queue
2022-04-10 19:15:43.433613+00:00 [info] <0.228.0> Feature flags:   [x] stream_queue
2022-04-10 19:15:43.433718+00:00 [info] <0.228.0> Feature flags:   [x] user_limits
2022-04-10 19:15:43.433811+00:00 [info] <0.228.0> Feature flags:   [~] virtual_host_metadata
2022-04-10 19:15:43.433931+00:00 [info] <0.228.0> Feature flags: feature flag states written to disk: yes
2022-04-10 19:15:43.451572+00:00 [info] <0.228.0> Waiting for Mnesia tables for 30000 ms, 9 retries left
2022-04-10 19:15:43.451860+00:00 [info] <0.228.0> Successfully synced tables from a peer
2022-04-10 19:15:43.626423+00:00 [info] <0.228.0> Feature flag `virtual_host_metadata`: mark as enabled=true
2022-04-10 19:15:43.652838+00:00 [info] <0.228.0> Feature flags: list of feature flags found:
2022-04-10 19:15:43.652911+00:00 [info] <0.228.0> Feature flags:   [x] implicit_default_bindings
2022-04-10 19:15:43.652977+00:00 [info] <0.228.0> Feature flags:   [x] maintenance_mode_status
2022-04-10 19:15:43.653011+00:00 [info] <0.228.0> Feature flags:   [x] quorum_queue
2022-04-10 19:15:43.653034+00:00 [info] <0.228.0> Feature flags:   [x] stream_queue
2022-04-10 19:15:43.653056+00:00 [info] <0.228.0> Feature flags:   [x] user_limits
2022-04-10 19:15:43.653184+00:00 [info] <0.228.0> Feature flags:   [x] virtual_host_metadata
2022-04-10 19:15:43.653210+00:00 [info] <0.228.0> Feature flags: feature flag states written to disk: yes
2022-04-10 19:15:43.666296+00:00 [info] <0.228.0> Waiting for Mnesia tables for 30000 ms, 9 retries left
2022-04-10 19:15:43.666701+00:00 [info] <0.228.0> Successfully synced tables from a peer
2022-04-10 19:15:43.718801+00:00 [info] <0.228.0> Waiting for Mnesia tables for 30000 ms, 9 retries left
2022-04-10 19:15:43.718969+00:00 [info] <0.228.0> Successfully synced tables from a peer
2022-04-10 19:15:43.719001+00:00 [info] <0.228.0> Peer discovery backend rabbit_peer_discovery_classic_config does not support registration, skipping registration.
2022-04-10 19:15:43.719044+00:00 [info] <0.228.0> Will try to unlock with peer discovery backend rabbit_peer_discovery_classic_config
2022-04-10 19:15:43.719151+00:00 [info] <0.228.0> Running boot step database_sync defined by app rabbit
2022-04-10 19:15:43.719264+00:00 [info] <0.228.0> Running boot step feature_flags defined by app rabbit
2022-04-10 19:15:43.724081+00:00 [info] <0.228.0> Running boot step codec_correctness_check defined by app rabbit
2022-04-10 19:15:43.724205+00:00 [info] <0.228.0> Running boot step external_infrastructure defined by app rabbit
2022-04-10 19:15:43.724245+00:00 [info] <0.228.0> Running boot step rabbit_registry defined by app rabbit
2022-04-10 19:15:43.724449+00:00 [info] <0.228.0> Running boot step rabbit_auth_mechanism_cr_demo defined by app rabbit
2022-04-10 19:15:43.724570+00:00 [info] <0.228.0> Running boot step rabbit_queue_location_random defined by app rabbit
2022-04-10 19:15:43.724688+00:00 [info] <0.228.0> Running boot step rabbit_event defined by app rabbit
2022-04-10 19:15:43.724862+00:00 [info] <0.228.0> Running boot step rabbit_auth_mechanism_amqplain defined by app rabbit
2022-04-10 19:15:43.724961+00:00 [info] <0.228.0> Running boot step rabbit_auth_mechanism_plain defined by app rabbit
2022-04-10 19:15:43.725035+00:00 [info] <0.228.0> Running boot step rabbit_exchange_type_direct defined by app rabbit
2022-04-10 19:15:43.725125+00:00 [info] <0.228.0> Running boot step rabbit_exchange_type_fanout defined by app rabbit
2022-04-10 19:15:43.725219+00:00 [info] <0.228.0> Running boot step rabbit_exchange_type_headers defined by app rabbit
2022-04-10 19:15:43.725278+00:00 [info] <0.228.0> Running boot step rabbit_exchange_type_topic defined by app rabbit
2022-04-10 19:15:43.725357+00:00 [info] <0.228.0> Running boot step rabbit_mirror_queue_mode_all defined by app rabbit
2022-04-10 19:15:43.725412+00:00 [info] <0.228.0> Running boot step rabbit_mirror_queue_mode_exactly defined by app rabbit
2022-04-10 19:15:43.725489+00:00 [info] <0.228.0> Running boot step rabbit_mirror_queue_mode_nodes defined by app rabbit
2022-04-10 19:15:43.725559+00:00 [info] <0.228.0> Running boot step rabbit_priority_queue defined by app rabbit
2022-04-10 19:15:43.725603+00:00 [info] <0.228.0> Priority queues enabled, real BQ is rabbit_variable_queue
2022-04-10 19:15:43.725695+00:00 [info] <0.228.0> Running boot step rabbit_queue_location_client_local defined by app rabbit
2022-04-10 19:15:43.725755+00:00 [info] <0.228.0> Running boot step rabbit_queue_location_min_masters defined by app rabbit
2022-04-10 19:15:43.725804+00:00 [info] <0.228.0> Running boot step kernel_ready defined by app rabbit
2022-04-10 19:15:43.725830+00:00 [info] <0.228.0> Running boot step rabbit_sysmon_minder defined by app rabbit
2022-04-10 19:15:43.726029+00:00 [info] <0.228.0> Running boot step rabbit_epmd_monitor defined by app rabbit
2022-04-10 19:15:43.727481+00:00 [info] <0.564.0> epmd monitor knows us, inter-node communication (distribution) port: 25672
2022-04-10 19:15:43.728193+00:00 [info] <0.228.0> Running boot step guid_generator defined by app rabbit
2022-04-10 19:15:43.749960+00:00 [info] <0.228.0> Running boot step rabbit_node_monitor defined by app rabbit
2022-04-10 19:15:43.750550+00:00 [info] <0.568.0> Starting rabbit_node_monitor
2022-04-10 19:15:43.750856+00:00 [info] <0.228.0> Running boot step delegate_sup defined by app rabbit
2022-04-10 19:15:43.752446+00:00 [info] <0.228.0> Running boot step rabbit_memory_monitor defined by app rabbit
2022-04-10 19:15:43.753041+00:00 [info] <0.228.0> Running boot step core_initialized defined by app rabbit
2022-04-10 19:15:43.753185+00:00 [info] <0.228.0> Running boot step upgrade_queues defined by app rabbit
2022-04-10 19:15:43.780628+00:00 [info] <0.228.0> message_store upgrades: 1 to apply
2022-04-10 19:15:43.780914+00:00 [info] <0.228.0> message_store upgrades: Applying rabbit_variable_queue:move_messages_to_vhost_store
2022-04-10 19:15:43.781273+00:00 [info] <0.228.0> message_store upgrades: No durable queues found. Skipping message store migration
2022-04-10 19:15:43.781374+00:00 [info] <0.228.0> message_store upgrades: Removing the old message store data
2022-04-10 19:15:43.788666+00:00 [info] <0.228.0> message_store upgrades: All upgrades applied successfully
2022-04-10 19:15:43.845769+00:00 [info] <0.228.0> Running boot step channel_tracking defined by app rabbit
2022-04-10 19:15:43.887871+00:00 [info] <0.228.0> Setting up a table for channel tracking on this node: tracked_channel_on_node_rabbit@9753ddc070a9
2022-04-10 19:15:43.921753+00:00 [info] <0.228.0> Setting up a table for channel tracking on this node: tracked_channel_table_per_user_on_node_rabbit@9753ddc070a9
2022-04-10 19:15:43.922336+00:00 [info] <0.228.0> Running boot step rabbit_channel_tracking_handler defined by app rabbit
2022-04-10 19:15:43.922625+00:00 [info] <0.228.0> Running boot step connection_tracking defined by app rabbit
2022-04-10 19:15:43.961188+00:00 [info] <0.228.0> Setting up a table for connection tracking on this node: tracked_connection_on_node_rabbit@9753ddc070a9
2022-04-10 19:15:43.998362+00:00 [info] <0.228.0> Setting up a table for per-vhost connection counting on this node: tracked_connection_per_vhost_on_node_rabbit@9753ddc070a9
2022-04-10 19:15:44.031929+00:00 [info] <0.228.0> Setting up a table for per-user connection counting on this node: tracked_connection_table_per_user_on_node_rabbit@9753ddc070a9
2022-04-10 19:15:44.032738+00:00 [info] <0.228.0> Running boot step rabbit_connection_tracking_handler defined by app rabbit
2022-04-10 19:15:44.032965+00:00 [info] <0.228.0> Running boot step rabbit_exchange_parameters defined by app rabbit
2022-04-10 19:15:44.033256+00:00 [info] <0.228.0> Running boot step rabbit_mirror_queue_misc defined by app rabbit
2022-04-10 19:15:44.033760+00:00 [info] <0.228.0> Running boot step rabbit_policies defined by app rabbit
2022-04-10 19:15:44.036499+00:00 [info] <0.228.0> Running boot step rabbit_policy defined by app rabbit
2022-04-10 19:15:44.036755+00:00 [info] <0.228.0> Running boot step rabbit_queue_location_validator defined by app rabbit
2022-04-10 19:15:44.037016+00:00 [info] <0.228.0> Running boot step rabbit_quorum_memory_manager defined by app rabbit
2022-04-10 19:15:44.037155+00:00 [info] <0.228.0> Running boot step rabbit_stream_coordinator defined by app rabbit
2022-04-10 19:15:44.044974+00:00 [info] <0.228.0> Running boot step rabbit_vhost_limit defined by app rabbit
2022-04-10 19:15:44.046003+00:00 [info] <0.228.0> Running boot step recovery defined by app rabbit
2022-04-10 19:15:44.051983+00:00 [info] <0.228.0> Running boot step empty_db_check defined by app rabbit
2022-04-10 19:15:44.052146+00:00 [info] <0.228.0> Will seed default virtual host and user...
2022-04-10 19:15:44.052446+00:00 [info] <0.228.0> Adding vhost '/' (description: 'Default virtual host', tags: [])
2022-04-10 19:15:44.092825+00:00 [info] <0.624.0> Making sure data directory '/var/lib/rabbitmq/mnesia/rabbit@9753ddc070a9/msg_stores/vhosts/628WB79CIFDYO9LJI6DKMI09L' for vhost '/' exists
2022-04-10 19:15:44.120977+00:00 [info] <0.624.0> Setting segment_entry_count for vhost '/' with 0 queues to '2048'
2022-04-10 19:15:44.162683+00:00 [info] <0.624.0> Starting message stores for vhost '/'
2022-04-10 19:15:44.163133+00:00 [info] <0.628.0> Message store "628WB79CIFDYO9LJI6DKMI09L/msg_store_transient": using rabbit_msg_store_ets_index to provide index
2022-04-10 19:15:44.221714+00:00 [info] <0.624.0> Started message store of type transient for vhost '/'
2022-04-10 19:15:44.222099+00:00 [info] <0.632.0> Message store "628WB79CIFDYO9LJI6DKMI09L/msg_store_persistent": using rabbit_msg_store_ets_index to provide index
2022-04-10 19:15:44.243767+00:00 [warn] <0.632.0> Message store "628WB79CIFDYO9LJI6DKMI09L/msg_store_persistent": rebuilding indices from scratch
2022-04-10 19:15:44.255852+00:00 [info] <0.624.0> Started message store of type persistent for vhost '/'
2022-04-10 19:15:44.256117+00:00 [info] <0.624.0> Recovering 0 queues of type rabbit_classic_queue took 115ms
2022-04-10 19:15:44.256233+00:00 [info] <0.624.0> Recovering 0 queues of type rabbit_quorum_queue took 0ms
2022-04-10 19:15:44.256350+00:00 [info] <0.624.0> Recovering 0 queues of type rabbit_stream_queue took 0ms
2022-04-10 19:15:44.269143+00:00 [info] <0.228.0> Created user 'guest'
2022-04-10 19:15:44.272995+00:00 [info] <0.228.0> Successfully set user tags for user 'guest' to [administrator]
2022-04-10 19:15:44.275776+00:00 [info] <0.228.0> Successfully set permissions for 'guest' in virtual host '/' to '.*', '.*', '.*'
2022-04-10 19:15:44.276138+00:00 [info] <0.228.0> Running boot step rabbit_looking_glass defined by app rabbit
2022-04-10 19:15:44.276220+00:00 [info] <0.228.0> Running boot step rabbit_core_metrics_gc defined by app rabbit
2022-04-10 19:15:44.276730+00:00 [info] <0.228.0> Running boot step background_gc defined by app rabbit
2022-04-10 19:15:44.277117+00:00 [info] <0.228.0> Running boot step routing_ready defined by app rabbit
2022-04-10 19:15:44.277218+00:00 [info] <0.228.0> Running boot step pre_flight defined by app rabbit
2022-04-10 19:15:44.277284+00:00 [info] <0.228.0> Running boot step notify_cluster defined by app rabbit
2022-04-10 19:15:44.277367+00:00 [info] <0.228.0> Running boot step networking defined by app rabbit
2022-04-10 19:15:44.277431+00:00 [info] <0.228.0> Running boot step definition_import_worker_pool defined by app rabbit
2022-04-10 19:15:44.277588+00:00 [info] <0.287.0> Starting worker pool 'definition_import_pool' with 4 processes in it
2022-04-10 19:15:44.278757+00:00 [info] <0.228.0> Running boot step cluster_name defined by app rabbit
2022-04-10 19:15:44.279043+00:00 [info] <0.228.0> Initialising internal cluster ID to 'rabbitmq-cluster-id-Cg8w_UXM4b8Qh5k-3AfPIA'
2022-04-10 19:15:44.283911+00:00 [info] <0.228.0> Running boot step direct_client defined by app rabbit
2022-04-10 19:15:44.284371+00:00 [info] <0.665.0> Resetting node maintenance status
2022-04-10 19:15:44.284798+00:00 [info] <0.665.0> Ready to start client connection listeners
2022-04-10 19:15:44.292081+00:00 [info] <0.683.0> started TCP listener on [::]:5672
2022-04-10 19:15:44.565377+00:00 [info] <0.665.0> Server startup complete; 0 plugins started.
2022-04-10 19:30:26.527549+00:00 [noti] <0.60.0> SIGTERM received - shutting down
2022-04-10 19:30:26.527549+00:00 [noti] <0.60.0> 
2022-04-10 19:30:26.530731+00:00 [info] <0.228.0> Peer discovery backend rabbit_peer_discovery_classic_config does not support registration, skipping unregistration.
2022-04-10 19:30:26.531322+00:00 [info] <0.683.0> stopped TCP listener on [::]:5672
2022-04-10 19:30:26.540671+00:00 [info] <0.1331.0> Closing all connections in vhost '/' on node 'rabbit@9753ddc070a9' because the vhost is stopping
2022-04-10 19:30:26.545713+00:00 [info] <0.632.0> Stopping message store for directory '/var/lib/rabbitmq/mnesia/rabbit@9753ddc070a9/msg_stores/vhosts/628WB79CIFDYO9LJI6DKMI09L/msg_store_persistent'
2022-04-10 19:30:26.662364+00:00 [info] <0.632.0> Message store for directory '/var/lib/rabbitmq/mnesia/rabbit@9753ddc070a9/msg_stores/vhosts/628WB79CIFDYO9LJI6DKMI09L/msg_store_persistent' is stopped
2022-04-10 19:30:26.663013+00:00 [info] <0.628.0> Stopping message store for directory '/var/lib/rabbitmq/mnesia/rabbit@9753ddc070a9/msg_stores/vhosts/628WB79CIFDYO9LJI6DKMI09L/msg_store_transient'
2022-04-10 19:30:26.767801+00:00 [info] <0.628.0> Message store for directory '/var/lib/rabbitmq/mnesia/rabbit@9753ddc070a9/msg_stores/vhosts/628WB79CIFDYO9LJI6DKMI09L/msg_store_transient' is stopped
